[debug] [2022-11-07T07:34:24.091Z] ----------------------------------------------------------------------
[debug] [2022-11-07T07:34:24.093Z] Command:       C:\Program Files\nodejs\node.exe C:\Users\JS COMPUTER\AppData\Roaming\npm\node_modules\firebase-tools\lib\bin\firebase.js init
[debug] [2022-11-07T07:34:24.093Z] CLI Version:   11.15.0
[debug] [2022-11-07T07:34:24.093Z] Platform:      win32
[debug] [2022-11-07T07:34:24.093Z] Node Version:  v16.16.0
[debug] [2022-11-07T07:34:24.099Z] Time:          Mon Nov 07 2022 13:34:24 GMT+0600 (Bangladesh Standard Time)
[debug] [2022-11-07T07:34:24.100Z] ----------------------------------------------------------------------
[debug] 
[debug] [2022-11-07T07:34:24.103Z] >>> [apiv2][query] GET https://firebase-public.firebaseio.com/cli.json [none]
[debug] [2022-11-07T07:34:24.120Z] > command requires scopes: ["email","openid","https://www.googleapis.com/auth/cloudplatformprojects.readonly","https://www.googleapis.com/auth/firebase","https://www.googleapis.com/auth/cloud-platform"]
[debug] [2022-11-07T07:34:24.121Z] > authorizing via signed-in user (rahathasandipto@gmail.com)
[info] 
     ######## #### ########  ######## ########     ###     ######  ########
     ##        ##  ##     ## ##       ##     ##  ##   ##  ##       ##
     ######    ##  ########  ######   ########  #########  ######  ######
     ##        ##  ##    ##  ##       ##     ## ##     ##       ## ##
     ##       #### ##     ## ######## ########  ##     ##  ######  ########

You're about to initialize a Firebase project in this directory:

  C:\Users\JS COMPUTER\Desktop\Practice\BE-MUST\my-genius-car

[debug] [2022-11-07T07:34:25.762Z] <<< [apiv2][status] GET https://firebase-public.firebaseio.com/cli.json 200
[debug] [2022-11-07T07:34:25.763Z] <<< [apiv2][body] GET https://firebase-public.firebaseio.com/cli.json {"cloudBuildErrorAfter":1594252800000,"cloudBuildWarnAfter":1590019200000,"defaultNode10After":1594252800000,"minVersion":"3.0.5","node8DeploysDisabledAfter":1613390400000,"node8RuntimeDisabledAfter":1615809600000,"node8WarnAfter":1600128000000}
[debug] [2022-11-07T07:35:57.159Z] ----------------------------------------------------------------------
[debug] [2022-11-07T07:35:57.160Z] Command:       C:\Program Files\nodejs\node.exe C:\Users\JS COMPUTER\AppData\Roaming\npm\node_modules\firebase-tools\lib\bin\firebase.js init
[debug] [2022-11-07T07:35:57.161Z] CLI Version:   11.15.0
[debug] [2022-11-07T07:35:57.161Z] Platform:      win32
[debug] [2022-11-07T07:35:57.161Z] Node Version:  v16.16.0
[debug] [2022-11-07T07:35:57.162Z] Time:          Mon Nov 07 2022 13:35:57 GMT+0600 (Bangladesh Standard Time)
[debug] [2022-11-07T07:35:57.162Z] ----------------------------------------------------------------------
[debug] 
[debug] [2022-11-07T07:35:57.168Z] > command requires scopes: ["email","openid","https://www.googleapis.com/auth/cloudplatformprojects.readonly","https://www.googleapis.com/auth/firebase","https://www.googleapis.com/auth/cloud-platform"]
[debug] [2022-11-07T07:35:57.168Z] > authorizing via signed-in user (rahathasandipto@gmail.com)
[info] 
     ######## #### ########  ######## ########     ###     ######  ########
     ##        ##  ##     ## ##       ##     ##  ##   ##  ##       ##
     ######    ##  ########  ######   ########  #########  ######  ######
     ##        ##  ##    ##  ##       ##     ## ##     ##       ## ##
     ##       #### ##     ## ######## ########  ##     ##  ######  ########

You're about to initialize a Firebase project in this directory:

  C:\Users\JS COMPUTER\Desktop\Practice\BE-MUST\my-genius-car

[info] 
=== Project Setup
[info] 
[info] First, let's associate this project directory with a Firebase project.
[info] You can create multiple project aliases by running firebase use --add, 
[info] but for now we'll just set up a default project.
[info] 
[debug] [2022-11-07T07:36:04.017Z] > refreshing access token with scopes: []
[debug] [2022-11-07T07:36:04.019Z] >>> [apiv2][query] POST https://www.googleapis.com/oauth2/v3/token [none]
[debug] [2022-11-07T07:36:04.019Z] >>> [apiv2][body] POST https://www.googleapis.com/oauth2/v3/token [omitted]
[debug] [2022-11-07T07:36:04.338Z] <<< [apiv2][status] POST https://www.googleapis.com/oauth2/v3/token 200
[debug] [2022-11-07T07:36:04.338Z] <<< [apiv2][body] POST https://www.googleapis.com/oauth2/v3/token [omitted]
[debug] [2022-11-07T07:36:04.344Z] >>> [apiv2][query] GET https://firebase.googleapis.com/v1beta1/projects pageSize=100
[debug] [2022-11-07T07:36:05.260Z] <<< [apiv2][status] GET https://firebase.googleapis.com/v1beta1/projects 200
[debug] [2022-11-07T07:36:05.260Z] <<< [apiv2][body] GET https://firebase.googleapis.com/v1beta1/projects [omitted]
